Arguments: 
  D:\node.js\node.exe C:\Users\HI\AppData\Roaming\npm\node_modules\yarn\bin\yarn.js add @umijs/preset-ui -D

PATH: 
  C:\Program Files (x86)\Common Files\Oracle\Java\javapath;D:\python\Scripts\;D:\python\;C:\Windows\system32;C:\Windows;C:\Windows\System32\Wbem;C:\Windows\System32\WindowsPowerShell\v1.0\;C:\Windows\System32\OpenSSH\;D:\MySQL\mysql-8.0.31-winx64\mysql-8.0.31-winx64\bin;D:\anaconda\Scripts;D:\node.js\;D:\Git\cmd;D:\java\jdk\bin;D:\java\jre\bin;C:\Users\HI\AppData\Local\Microsoft\WindowsApps;D:\Microsoft VS Code\bin;E:\Edge\mingw64\bin;D:\PyCharm Community Edition 2022.3.3\bin;;D:\PyCharm 2023.1\bin;;D:\DataGrip 2023.1\bin;;D:\anaconda\Scripts;C:\Users\HI\AppData\Roaming\npm;D:\WebStorm 2023.1\bin;;D:\IntelliJ IDEA 2023.1.1\bin;

Yarn version: 
  1.22.19

Node version: 
  18.16.0

Platform: 
  win32 x64

Trace: 
  Error: read ECONNRESET
      at TLSWrap.onStreamRead (node:internal/stream_base_commons:217:20)

npm manifest: 
  No manifest

yarn manifest: 
  No manifest

Lockfile: 
  # THIS IS AN AUTOGENERATED FILE. DO NOT EDIT THIS FILE DIRECTLY.
  # yarn lockfile v1
